<?xml version="1.0" encoding="UTF-8"?>
<testng-results ignored="0" total="1" passed="1" failed="0" skipped="0">
  <reporter-output>
  </reporter-output>
  <suite started-at="2024-02-28T16:51:50 IST" name="Suite" finished-at="2024-02-28T16:51:53 IST" duration-ms="3097">
    <groups>
    </groups>
    <test started-at="2024-02-28T16:51:50 IST" name="Test" finished-at="2024-02-28T16:51:53 IST" duration-ms="3097">
      <class name="DD.RE.reade">
        <test-method signature="fblogin()[pri:0, instance:DD.RE.reade@649bec2e]" started-at="2024-02-28T16:51:50 IST" name="fblogin" finished-at="2024-02-28T16:51:53 IST" duration-ms="3075" status="PASS">
          <reporter-output>
          </reporter-output>
        </test-method> <!-- fblogin -->
      </class> <!-- DD.RE.reade -->
    </test> <!-- Test -->
  </suite> <!-- Suite -->
</testng-results>
