<?xml version="1.0" encoding="UTF-8"?>
<testng-results ignored="0" total="1" passed="1" failed="0" skipped="0">
  <reporter-output>
  </reporter-output>
  <suite started-at="2024-02-28T16:51:09 IST" name="Default suite" finished-at="2024-02-28T16:51:12 IST" duration-ms="3016">
    <groups>
    </groups>
    <test started-at="2024-02-28T16:51:09 IST" name="Default test" finished-at="2024-02-28T16:51:12 IST" duration-ms="3016">
      <class name="DD.RE.writex">
        <test-method signature="fblogin()[pri:0, instance:DD.RE.writex@2d710f1a]" started-at="2024-02-28T16:51:09 IST" name="fblogin" finished-at="2024-02-28T16:51:12 IST" duration-ms="2990" status="PASS">
          <reporter-output>
          </reporter-output>
        </test-method> <!-- fblogin -->
      </class> <!-- DD.RE.writex -->
    </test> <!-- Default test -->
  </suite> <!-- Default suite -->
</testng-results>
